e:\knife survivor\sidescroll\x64\debug\vc143.pdb
e:\knife survivor\sidescroll\x64\debug\vc143.idb
e:\knife survivor\sidescroll\x64\debug\time.obj
e:\knife survivor\sidescroll\x64\debug\input.obj
e:\knife survivor\sidescroll\x64\debug\fps.obj
e:\knife survivor\sidescroll\x64\debug\fade.obj
e:\knife survivor\sidescroll\x64\debug\collision.obj
e:\knife survivor\sidescroll\x64\debug\stage.obj
e:\knife survivor\sidescroll\x64\debug\sound.obj
e:\knife survivor\sidescroll\x64\debug\scenetitle.obj
e:\knife survivor\sidescroll\x64\debug\sceneresult.obj
e:\knife survivor\sidescroll\x64\debug\scenemanager.obj
e:\knife survivor\sidescroll\x64\debug\hitcheck.obj
e:\knife survivor\sidescroll\x64\debug\background.obj
e:\knife survivor\sidescroll\x64\debug\knife.obj
e:\knife survivor\sidescroll\x64\debug\main.obj
d:\users\2409028\desktop\github\team3\knife survivor\sidescroll\x64\debug\vc143.pdb
d:\users\2409028\desktop\github\team3\knife survivor\sidescroll\x64\debug\vc143.idb
d:\users\2409028\desktop\github\team3\knife survivor\sidescroll\x64\debug\main.obj
d:\users\2409028\desktop\github\team3\knife survivor\sidescroll\x64\debug\fade.obj
d:\users\2409028\desktop\github\team3\knife survivor\sidescroll\x64\debug\time.obj
d:\users\2409028\desktop\github\team3\knife survivor\sidescroll\x64\debug\input.obj
d:\users\2409028\desktop\github\team3\knife survivor\sidescroll\x64\debug\fps.obj
d:\users\2409028\desktop\github\team3\knife survivor\sidescroll\x64\debug\collision.obj
d:\users\2409028\desktop\github\team3\knife survivor\sidescroll\x64\debug\stage.obj
d:\users\2409028\desktop\github\team3\knife survivor\sidescroll\x64\debug\sound.obj
d:\users\2409028\desktop\github\team3\knife survivor\sidescroll\x64\debug\scenetitle.obj
d:\users\2409028\desktop\github\team3\knife survivor\sidescroll\x64\debug\sceneresult.obj
d:\users\2409028\desktop\github\team3\knife survivor\sidescroll\x64\debug\scenemanager.obj
d:\users\2409028\desktop\github\team3\knife survivor\sidescroll\x64\debug\scenegame.obj
d:\users\2409028\desktop\github\team3\knife survivor\sidescroll\x64\debug\player2.obj
d:\users\2409028\desktop\github\team3\knife survivor\sidescroll\x64\debug\player.obj
d:\users\2409028\desktop\github\team3\knife survivor\sidescroll\x64\debug\knife2.obj
d:\users\2409028\desktop\github\team3\knife survivor\sidescroll\x64\debug\knife.obj
d:\users\2409028\desktop\github\team3\knife survivor\sidescroll\x64\debug\hitcheck.obj
d:\users\2409028\desktop\github\team3\knife survivor\sidescroll\x64\debug\background.obj
d:\users\2409028\desktop\github\team3\knife survivor\x64\debug\sidescroll.exe
d:\users\2409028\desktop\github\team3\knife survivor\x64\debug\sidescroll.pdb
d:\users\2409028\desktop\github\team3\knife survivor\sidescroll\x64\debug\sidescroll.ilk
d:\users\2409028\desktop\github\team3\knife survivor\sidescroll\x64\debug\item.obj
d:\users\2409028\desktop\github\team3\knife survivor\sidescroll\x64\debug\itemcraft.obj
d:\users\2409028\desktop\github\team3\knife survivor\sidescroll\x64\debug\itemeffect.obj
d:\users\2409028\desktop\github\team3\knife survivor\sidescroll\x64\debug\score.obj
d:\users\2409028\desktop\github\team3\knife survivor\sidescroll\x64\debug\sidescroll.tlog\cl.command.1.tlog
d:\users\2409028\desktop\github\team3\knife survivor\sidescroll\x64\debug\sidescroll.tlog\cl.items.tlog
d:\users\2409028\desktop\github\team3\knife survivor\sidescroll\x64\debug\sidescroll.tlog\cl.read.1.tlog
d:\users\2409028\desktop\github\team3\knife survivor\sidescroll\x64\debug\sidescroll.tlog\cl.write.1.tlog
d:\users\2409028\desktop\github\team3\knife survivor\sidescroll\x64\debug\sidescroll.tlog\link.command.1.tlog
d:\users\2409028\desktop\github\team3\knife survivor\sidescroll\x64\debug\sidescroll.tlog\link.read.1.tlog
d:\users\2409028\desktop\github\team3\knife survivor\sidescroll\x64\debug\sidescroll.tlog\link.secondary.1.tlog
d:\users\2409028\desktop\github\team3\knife survivor\sidescroll\x64\debug\sidescroll.tlog\link.write.1.tlog
