  main.cpp
  Attack.cpp
  Attack2.cpp
  Background.cpp
  HitCheck.cpp
D:\Users\2409028\Desktop\GitHub\Team3\近接攻撃追加\Knife Survivor\Src\Game\HitCheck\HitCheck.cpp(79,16): warning C4244: '初期化中': 'int' から 'float' への変換です。データが失われる可能性があります。
D:\Users\2409028\Desktop\GitHub\Team3\近接攻撃追加\Knife Survivor\Src\Game\HitCheck\HitCheck.cpp(80,16): warning C4244: '初期化中': 'int' から 'float' への変換です。データが失われる可能性があります。
D:\Users\2409028\Desktop\GitHub\Team3\近接攻撃追加\Knife Survivor\Src\Game\HitCheck\HitCheck.cpp(84,21): warning C4244: '=': 'double' から 'float' への変換です。データが失われる可能性があります。
D:\Users\2409028\Desktop\GitHub\Team3\近接攻撃追加\Knife Survivor\Src\Game\HitCheck\HitCheck.cpp(87,21): warning C4244: '=': 'double' から 'float' への変換です。データが失われる可能性があります。
D:\Users\2409028\Desktop\GitHub\Team3\近接攻撃追加\Knife Survivor\Src\Game\HitCheck\HitCheck.cpp(210,16): warning C4244: '初期化中': 'int' から 'float' への変換です。データが失われる可能性があります。
D:\Users\2409028\Desktop\GitHub\Team3\近接攻撃追加\Knife Survivor\Src\Game\HitCheck\HitCheck.cpp(211,16): warning C4244: '初期化中': 'int' から 'float' への変換です。データが失われる可能性があります。
D:\Users\2409028\Desktop\GitHub\Team3\近接攻撃追加\Knife Survivor\Src\Game\HitCheck\HitCheck.cpp(215,21): warning C4244: '=': 'double' から 'float' への変換です。データが失われる可能性があります。
D:\Users\2409028\Desktop\GitHub\Team3\近接攻撃追加\Knife Survivor\Src\Game\HitCheck\HitCheck.cpp(218,21): warning C4244: '=': 'double' から 'float' への変換です。データが失われる可能性があります。
  Knife.cpp
  Knife2.cpp
  Player.cpp
D:\Users\2409028\Desktop\GitHub\Team3\近接攻撃追加\Knife Survivor\Src\Game\Player\Player.cpp(88,44): warning C4805: '==': 演算中の 'int' 型と 'bool' 型の混用は安全ではありません
D:\Users\2409028\Desktop\GitHub\Team3\近接攻撃追加\Knife Survivor\Src\Game\Player\Player.cpp(109,11): warning C4305: '+=': 'double' から 'float' へ切り詰めます。
D:\Users\2409028\Desktop\GitHub\Team3\近接攻撃追加\Knife Survivor\Src\Game\Player\Player.cpp(120,11): warning C4305: '+=': 'double' から 'float' へ切り詰めます。
D:\Users\2409028\Desktop\GitHub\Team3\近接攻撃追加\Knife Survivor\Src\Game\Player\Player.cpp(194,39): warning C4244: '引数': 'float' から 'int' への変換です。データが失われる可能性があります。
D:\Users\2409028\Desktop\GitHub\Team3\近接攻撃追加\Knife Survivor\Src\Game\Player\Player.cpp(194,27): warning C4244: '引数': 'float' から 'int' への変換です。データが失われる可能性があります。
  Player2.cpp
D:\Users\2409028\Desktop\GitHub\Team3\近接攻撃追加\Knife Survivor\Src\Game\Player\Player2.cpp(86,45): warning C4805: '==': 演算中の 'int' 型と 'bool' 型の混用は安全ではありません
D:\Users\2409028\Desktop\GitHub\Team3\近接攻撃追加\Knife Survivor\Src\Game\Player\Player2.cpp(105,11): warning C4305: '+=': 'double' から 'float' へ切り詰めます。
D:\Users\2409028\Desktop\GitHub\Team3\近接攻撃追加\Knife Survivor\Src\Game\Player\Player2.cpp(116,11): warning C4305: '+=': 'double' から 'float' へ切り詰めます。
D:\Users\2409028\Desktop\GitHub\Team3\近接攻撃追加\Knife Survivor\Src\Game\Player\Player2.cpp(189,41): warning C4244: '引数': 'float' から 'int' への変換です。データが失われる可能性があります。
D:\Users\2409028\Desktop\GitHub\Team3\近接攻撃追加\Knife Survivor\Src\Game\Player\Player2.cpp(189,28): warning C4244: '引数': 'float' から 'int' への変換です。データが失われる可能性があります。
  SceneGame.cpp
  SceneManager.cpp
  SceneResult.cpp
  SceneTitle.cpp
  Sound.cpp
  Stage.cpp
  Collision.cpp
  fade.cpp
  Fps.cpp
  Input.cpp
  Time.cpp
  コードを生成中...
  LINK : 前回のインクリメンタル リンクで D:\Users\2409028\Desktop\GitHub\Team3\近接攻撃追加\Knife Survivor\x64\Debug\SideScroll.exe が見つからなかったか、ビルドされませんでした。フル リンクを行います。
  SideScroll.vcxproj -> D:\Users\2409028\Desktop\GitHub\Team3\近接攻撃追加\Knife Survivor\x64\Debug\SideScroll.exe
