c:\users\hikar\onedrive\デスクトップ\mygame\knife survivor\sidescroll\x64\debug\vc143.pdb
c:\users\hikar\onedrive\デスクトップ\mygame\knife survivor\sidescroll\x64\debug\vc143.idb
c:\users\hikar\onedrive\デスクトップ\mygame\knife survivor\sidescroll\x64\debug\input.obj
c:\users\hikar\onedrive\デスクトップ\mygame\knife survivor\sidescroll\x64\debug\fps.obj
c:\users\hikar\onedrive\デスクトップ\mygame\knife survivor\sidescroll\x64\debug\fade.obj
c:\users\hikar\onedrive\デスクトップ\mygame\knife survivor\sidescroll\x64\debug\collision.obj
c:\users\hikar\onedrive\デスクトップ\mygame\knife survivor\sidescroll\x64\debug\stage.obj
c:\users\hikar\onedrive\デスクトップ\mygame\knife survivor\sidescroll\x64\debug\sound.obj
c:\users\hikar\onedrive\デスクトップ\mygame\knife survivor\sidescroll\x64\debug\scenetitle.obj
c:\users\hikar\onedrive\デスクトップ\mygame\knife survivor\sidescroll\x64\debug\sceneresult.obj
c:\users\hikar\onedrive\デスクトップ\mygame\knife survivor\sidescroll\x64\debug\scenemanager.obj
c:\users\hikar\onedrive\デスクトップ\mygame\knife survivor\sidescroll\x64\debug\scenegame.obj
c:\users\hikar\onedrive\デスクトップ\mygame\knife survivor\sidescroll\x64\debug\player2.obj
c:\users\hikar\onedrive\デスクトップ\mygame\knife survivor\sidescroll\x64\debug\player.obj
c:\users\hikar\onedrive\デスクトップ\mygame\knife survivor\sidescroll\x64\debug\knife2.obj
c:\users\hikar\onedrive\デスクトップ\mygame\knife survivor\sidescroll\x64\debug\knife.obj
c:\users\hikar\onedrive\デスクトップ\mygame\knife survivor\sidescroll\x64\debug\item.obj
c:\users\hikar\onedrive\デスクトップ\mygame\knife survivor\sidescroll\x64\debug\hitcheck.obj
c:\users\hikar\onedrive\デスクトップ\mygame\knife survivor\sidescroll\x64\debug\background.obj
c:\users\hikar\onedrive\デスクトップ\mygame\knife survivor\sidescroll\x64\debug\attack2.obj
c:\users\hikar\onedrive\デスクトップ\mygame\knife survivor\sidescroll\x64\debug\attack.obj
c:\users\hikar\onedrive\デスクトップ\mygame\knife survivor\sidescroll\x64\debug\main.obj
c:\users\hikar\onedrive\デスクトップ\mygame\knife survivor\sidescroll\x64\debug\time.obj
c:\users\hikar\onedrive\デスクトップ\mygame\knife survivor\x64\debug\sidescroll.exe
c:\users\hikar\onedrive\デスクトップ\mygame\knife survivor\x64\debug\sidescroll.pdb
c:\users\hikar\onedrive\デスクトップ\mygame\knife survivor\sidescroll\x64\debug\sidescroll.ilk
c:\users\hikar\onedrive\デスクトップ\mygame\knife survivor\sidescroll\x64\debug\itemcraft.obj
c:\users\hikar\onedrive\デスクトップ\mygame\knife survivor\sidescroll\x64\debug\itemeffect.obj
c:\users\hikar\onedrive\デスクトップ\mygame\knife survivor\sidescroll\x64\debug\score.obj
c:\users\hikar\onedrive\デスクトップ\mygame\knife survivor\sidescroll\x64\debug\attack.obj.enc
c:\users\hikar\onedrive\デスクトップ\mygame\knife survivor\sidescroll\x64\debug\attack2.obj.enc
c:\users\hikar\onedrive\デスクトップ\mygame\knife survivor\sidescroll\x64\debug\player.obj.enc
c:\users\hikar\onedrive\デスクトップ\mygame\knife survivor\sidescroll\x64\debug\sidescroll.tlog\cl.command.1.tlog
c:\users\hikar\onedrive\デスクトップ\mygame\knife survivor\sidescroll\x64\debug\sidescroll.tlog\cl.items.tlog
c:\users\hikar\onedrive\デスクトップ\mygame\knife survivor\sidescroll\x64\debug\sidescroll.tlog\cl.read.1.tlog
c:\users\hikar\onedrive\デスクトップ\mygame\knife survivor\sidescroll\x64\debug\sidescroll.tlog\cl.write.1.tlog
c:\users\hikar\onedrive\デスクトップ\mygame\knife survivor\sidescroll\x64\debug\sidescroll.tlog\link.command.1.tlog
c:\users\hikar\onedrive\デスクトップ\mygame\knife survivor\sidescroll\x64\debug\sidescroll.tlog\link.read.1.tlog
c:\users\hikar\onedrive\デスクトップ\mygame\knife survivor\sidescroll\x64\debug\sidescroll.tlog\link.secondary.1.tlog
c:\users\hikar\onedrive\デスクトップ\mygame\knife survivor\sidescroll\x64\debug\sidescroll.tlog\link.write.1.tlog
